<?xml version="1.0" encoding="UTF-8"?>
<!-- Generated by org.testng.reporters.JUnitReportReporter -->
<testsuite skipped="0" hostname="Rizuwanas-MacBook-Pro.local" name="com.careerhack.runners.TestRunner" tests="2" failures="0" timestamp="2022-03-23T00:53:16 EDT" time="4.246" errors="0">
  <testcase name="runScenario" time="1.940" classname="com.careerhack.runners.TestRunner"/>
  <system-out/>
  <testcase name="runScenario" time="2.306" classname="com.careerhack.runners.TestRunner"/>
  <system-out/>
</testsuite> <!-- com.careerhack.runners.TestRunner -->
